<?xml version="1.0" encoding="UTF-8"?>
<!-- Generated by org.testng.reporters.JUnitReportReporter -->
<testsuite skipped="0" hostname="LAPTOP-GCMEA7HR" name="StepDefinition.TestRunner" tests="1" failures="0" timestamp="2022-06-15T22:15:38 IST" time="36.402" errors="0">
  <testcase name="runScenario" time="36.402" classname="StepDefinition.TestRunner"/>
  <system-out/>
</testsuite> <!-- StepDefinition.TestRunner -->
